SF:lib\data\models\movie_detail_model.dart
DA:6,2
DA:52,1
DA:53,1
DA:54,1
DA:55,1
DA:56,1
DA:57,1
DA:58,4
DA:59,1
DA:60,1
DA:61,1
DA:62,1
DA:63,1
DA:64,1
DA:65,2
DA:66,1
DA:67,1
DA:68,1
DA:69,1
DA:70,1
DA:71,1
DA:72,1
DA:73,1
DA:74,2
DA:75,1
DA:78,0
DA:79,0
DA:80,0
DA:81,0
DA:82,0
DA:83,0
DA:84,0
DA:85,0
DA:86,0
DA:87,0
DA:88,0
DA:89,0
DA:90,0
DA:91,0
DA:92,0
DA:93,0
DA:94,0
DA:95,0
DA:96,0
DA:97,0
DA:98,0
DA:99,0
DA:102,1
DA:103,1
DA:104,1
DA:105,1
DA:106,5
DA:107,1
DA:108,1
DA:109,1
DA:110,1
DA:111,1
DA:112,1
DA:113,1
DA:114,1
DA:115,1
DA:119,1
DA:120,1
DA:121,1
DA:122,1
DA:123,1
DA:124,1
DA:125,1
DA:126,1
DA:127,1
DA:128,1
DA:129,1
DA:130,1
DA:131,1
DA:132,1
DA:133,1
DA:134,1
DA:135,1
DA:136,1
DA:137,1
DA:138,1
DA:139,1
DA:140,1
DA:141,1
LF:84
LH:62
end_of_record
SF:lib\data\datasource\movie_remote_data_source.dart
DA:26,1
DA:29,1
DA:31,5
DA:33,2
DA:34,4
DA:37,1
DA:42,1
DA:44,5
DA:46,2
DA:47,3
DA:50,1
DA:55,1
DA:56,2
DA:57,3
DA:59,2
DA:60,4
DA:63,1
DA:68,1
DA:70,5
DA:72,2
DA:73,4
DA:76,1
DA:81,1
DA:83,5
DA:85,2
DA:86,4
DA:89,1
DA:94,1
DA:95,2
DA:96,3
DA:98,2
DA:99,4
DA:102,1
LF:33
LH:33
end_of_record
SF:lib\data\datasource\movie_local_data_source.dart
DA:17,1
DA:20,1
DA:22,3
DA:26,2
DA:32,1
DA:34,3
DA:38,2
DA:44,1
DA:45,3
DA:48,1
DA:56,1
DA:57,3
DA:59,4
LF:13
LH:13
end_of_record
SF:lib\data\datasource\database\database_helper.dart
DA:9,0
DA:13,0
DA:17,0
DA:19,0
DA:26,0
DA:27,0
DA:28,0
DA:30,0
DA:34,0
DA:35,0
DA:42,0
DA:45,0
DA:46,0
DA:48,0
DA:52,0
DA:53,0
DA:55,0
DA:58,0
DA:62,0
DA:63,0
DA:65,0
DA:68,0
DA:71,0
DA:72,0
DA:79,0
DA:80,0
DA:82,0
LF:27
LH:0
end_of_record
SF:lib\data\models\movie_model.dart
DA:5,4
DA:35,2
DA:36,2
DA:37,2
DA:38,2
DA:39,8
DA:40,2
DA:41,2
DA:42,2
DA:43,4
DA:44,2
DA:45,2
DA:46,2
DA:47,2
DA:48,4
DA:49,2
DA:52,2
DA:53,1
DA:54,1
DA:55,4
DA:56,1
DA:57,1
DA:58,1
DA:59,1
DA:60,1
DA:61,1
DA:62,1
DA:63,1
DA:64,1
DA:65,1
DA:68,2
DA:69,2
DA:70,2
DA:71,2
DA:72,2
DA:73,2
DA:74,2
DA:75,2
DA:76,2
DA:77,2
DA:78,2
DA:79,2
DA:80,2
DA:81,2
DA:82,2
DA:86,2
DA:87,2
DA:88,2
DA:89,2
DA:90,2
DA:91,2
DA:92,2
DA:93,2
DA:94,2
DA:95,2
DA:96,2
DA:97,2
DA:98,2
DA:99,2
DA:100,2
LF:60
LH:60
end_of_record
SF:lib\data\models\movie_response.dart
DA:7,2
DA:9,2
DA:10,2
DA:11,4
DA:12,6
DA:13,6
DA:16,2
DA:17,5
DA:20,1
DA:21,2
LF:10
LH:10
end_of_record
SF:lib\data\models\movie_table.dart
DA:10,2
DA:17,1
DA:18,1
DA:19,1
DA:20,1
DA:21,1
DA:22,1
DA:25,1
DA:26,1
DA:27,1
DA:28,1
DA:29,1
DA:30,1
DA:33,0
DA:34,0
DA:35,0
DA:36,0
DA:37,0
DA:40,1
DA:41,1
DA:42,1
DA:43,1
DA:44,1
DA:45,1
DA:48,2
DA:49,2
DA:50,2
DA:51,2
DA:52,2
DA:53,2
LF:30
LH:25
end_of_record
SF:lib\data\repositories\movie_repository_impl.dart
DA:10,1
DA:16,1
DA:18,3
DA:19,5
DA:21,1
DA:24,1
DA:27,0
DA:33,1
DA:35,3
DA:36,2
DA:38,1
DA:41,1
DA:44,0
DA:50,1
DA:52,3
DA:53,3
DA:55,1
DA:58,1
DA:61,0
DA:67,1
DA:69,3
DA:70,5
DA:72,1
DA:75,1
DA:78,0
DA:84,1
DA:86,3
DA:87,5
DA:89,1
DA:92,1
DA:95,0
DA:101,1
DA:103,3
DA:104,5
DA:106,1
DA:109,1
DA:112,0
DA:118,1
DA:121,4
DA:122,1
DA:124,1
DA:125,3
DA:133,1
DA:136,4
DA:137,1
DA:139,1
DA:140,3
DA:145,1
DA:146,3
DA:152,1
DA:153,3
DA:155,5
LF:52
LH:46
end_of_record
SF:lib\domain\entities\movie.dart
DA:5,10
DA:21,2
DA:42,7
DA:43,7
DA:44,7
DA:45,7
DA:46,7
DA:47,7
DA:48,7
DA:49,7
DA:50,7
DA:51,7
DA:52,7
DA:53,7
DA:54,7
DA:55,7
DA:56,7
LF:17
LH:17
end_of_record
SF:lib\domain\entities\movie_detail.dart
DA:5,7
DA:33,2
DA:34,2
DA:35,2
DA:36,2
DA:37,2
DA:38,2
DA:39,2
DA:40,2
DA:41,2
DA:42,2
DA:43,2
DA:44,2
DA:45,2
LF:14
LH:14
end_of_record
SF:lib\domain\usecases\get_movie_detail.dart
DA:8,1
DA:10,1
DA:11,2
LF:3
LH:3
end_of_record
SF:lib\domain\usecases\get_movie_recommendations.dart
DA:8,1
DA:10,1
DA:11,2
LF:3
LH:3
end_of_record
SF:lib\domain\usecases\get_now_playing_movies.dart
DA:8,1
DA:10,1
DA:11,2
LF:3
LH:3
end_of_record
SF:lib\domain\usecases\get_popular_movies.dart
DA:8,1
DA:10,1
DA:11,2
LF:3
LH:3
end_of_record
SF:lib\domain\usecases\get_top_rated_movies.dart
DA:8,1
DA:10,1
DA:11,2
LF:3
LH:3
end_of_record
SF:lib\domain\usecases\get_watchlist_movies.dart
DA:8,1
DA:10,1
DA:11,2
LF:3
LH:3
end_of_record
SF:lib\domain\usecases\get_watchlist_status.dart
DA:6,1
DA:8,1
DA:9,2
LF:3
LH:3
end_of_record
SF:lib\domain\usecases\remove_watchlist.dart
DA:8,1
DA:10,1
DA:11,2
LF:3
LH:3
end_of_record
SF:lib\domain\usecases\save_watchlist.dart
DA:8,1
DA:10,1
DA:11,2
LF:3
LH:3
end_of_record
SF:lib\presentation\bloc\movie_detail\movie_detail_event.dart
DA:4,2
DA:6,0
DA:7,0
DA:12,2
DA:14,0
DA:15,0
LF:6
LH:2
end_of_record
SF:lib\presentation\bloc\movie_detail\movie_detail_state.dart
DA:5,3
DA:7,1
DA:8,1
DA:19,2
DA:21,1
DA:22,2
DA:28,2
DA:30,1
DA:31,2
LF:9
LH:9
end_of_record
SF:lib\presentation\bloc\movie_detail\movie_detail_bloc.dart
DA:11,3
DA:12,2
DA:13,2
DA:15,4
DA:16,1
DA:17,2
DA:18,2
DA:20,2
DA:21,1
LF:9
LH:9
end_of_record
SF:lib\presentation\bloc\movie_now_playing\movie_now_playing_event.dart
DA:5,1
DA:7,0
DA:8,0
DA:13,0
DA:14,0
LF:5
LH:1
end_of_record
SF:lib\presentation\bloc\movie_now_playing\movie_now_playing_state.dart
DA:4,2
DA:6,1
DA:7,1
DA:17,2
DA:19,1
DA:20,2
DA:26,1
DA:28,1
DA:29,2
LF:9
LH:9
end_of_record
SF:lib\presentation\bloc\movie_now_playing\movie_now_playing_bloc.dart
DA:12,1
DA:13,2
DA:14,2
DA:15,2
DA:17,3
DA:19,1
DA:20,2
DA:21,2
DA:23,2
DA:24,1
LF:10
LH:10
end_of_record
SF:lib\presentation\bloc\movie_popular\movie_popular_state.dart
DA:4,4
DA:6,1
DA:7,1
DA:17,3
DA:19,1
DA:20,2
DA:26,2
DA:28,1
DA:29,2
LF:9
LH:9
end_of_record
SF:lib\presentation\bloc\movie_popular\movie_popular_bloc.dart
DA:11,3
DA:12,2
DA:13,2
DA:15,3
DA:17,1
DA:18,2
DA:19,2
DA:21,2
DA:22,1
LF:9
LH:9
end_of_record
SF:lib\presentation\bloc\movie_popular\movie_popular_event.dart
DA:4,2
DA:6,0
DA:7,0
DA:12,0
DA:13,0
LF:5
LH:1
end_of_record
SF:lib\presentation\bloc\movie_recommendation\movie_recommendation_state.dart
DA:4,3
DA:6,1
DA:7,1
DA:17,2
DA:19,1
DA:20,2
DA:26,2
DA:28,1
DA:29,2
LF:9
LH:9
end_of_record
SF:lib\presentation\bloc\movie_recommendation\movie_recommendation_bloc.dart
DA:12,1
DA:13,2
DA:14,2
DA:15,1
DA:17,2
DA:19,3
DA:21,1
DA:22,2
DA:23,2
DA:25,2
DA:26,1
LF:11
LH:11
end_of_record
SF:lib\presentation\bloc\movie_recommendation\movie_recommendation_event.dart
DA:4,2
DA:6,0
DA:7,0
DA:13,2
DA:15,0
DA:16,0
LF:6
LH:2
end_of_record
SF:lib\presentation\bloc\movie_top_rated\movie_top_rated_bloc.dart
DA:12,3
DA:13,2
DA:14,2
DA:15,3
DA:17,1
DA:18,2
DA:19,2
DA:21,2
DA:22,1
LF:9
LH:9
end_of_record
SF:lib\presentation\bloc\movie_top_rated\movie_top_rated_event.dart
DA:4,2
DA:6,0
DA:7,0
DA:12,0
DA:13,0
LF:5
LH:1
end_of_record
SF:lib\presentation\bloc\movie_top_rated\movie_top_rated_state.dart
DA:4,4
DA:6,1
DA:7,1
DA:17,3
DA:19,1
DA:20,2
DA:26,2
DA:28,1
DA:29,2
LF:9
LH:9
end_of_record
SF:lib\presentation\bloc\movie_watchlist\movie_watchlist_event.dart
DA:4,3
DA:6,0
DA:7,0
DA:12,1
DA:13,1
DA:18,2
DA:20,1
DA:21,2
DA:26,2
DA:28,1
DA:29,2
DA:34,1
DA:36,1
DA:37,2
LF:14
LH:12
end_of_record
SF:lib\presentation\bloc\movie_watchlist\movie_watchlist_state.dart
DA:4,3
DA:6,1
DA:7,1
DA:16,2
DA:18,1
DA:19,2
DA:24,1
DA:26,1
DA:27,2
DA:32,3
DA:34,1
DA:35,2
DA:40,2
DA:42,1
DA:43,2
LF:15
LH:15
end_of_record
SF:lib\presentation\bloc\movie_watchlist\movie_watchlist_bloc.dart
DA:15,1
DA:17,2
DA:19,2
DA:20,2
DA:22,3
DA:24,1
DA:25,4
DA:26,2
DA:27,1
DA:32,2
DA:33,1
DA:34,2
DA:36,3
DA:37,2
DA:40,2
DA:41,1
DA:42,3
DA:44,1
DA:45,2
DA:46,2
DA:48,2
DA:49,1
DA:54,2
DA:55,1
DA:57,3
DA:59,8
LF:26
LH:26
end_of_record
SF:lib\presentation\pages\home_movie_page.dart
DA:11,24
DA:13,0
DA:14,0
DA:19,0
DA:21,0
DA:22,0
DA:23,0
DA:24,0
DA:25,0
DA:29,0
DA:31,0
DA:32,0
DA:33,0
DA:34,0
DA:42,0
DA:45,0
DA:46,0
DA:49,0
DA:52,0
DA:53,0
DA:56,0
DA:59,0
DA:60,0
DA:63,0
DA:66,0
DA:67,0
DA:71,0
DA:72,0
DA:73,0
DA:81,0
DA:83,0
DA:84,0
DA:85,0
DA:86,0
DA:92,0
DA:94,0
DA:95,0
DA:97,0
DA:98,0
DA:100,0
DA:102,0
DA:103,0
DA:104,0
DA:108,0
DA:109,0
DA:110,0
DA:111,0
DA:112,0
DA:113,0
DA:114,0
DA:122,0
DA:124,0
DA:125,0
DA:127,0
DA:128,0
DA:129,0
DA:133,0
DA:134,0
DA:135,0
DA:136,0
DA:137,0
DA:138,0
DA:139,0
DA:147,0
DA:149,0
DA:150,0
DA:152,0
DA:153,0
DA:154,0
DA:158,0
DA:159,0
DA:160,0
DA:161,0
DA:162,0
DA:163,0
DA:164,0
DA:179,0
DA:180,0
DA:182,0
DA:183,0
DA:185,0
DA:187,0
DA:189,0
DA:191,0
DA:204,0
DA:206,0
DA:208,0
DA:210,0
DA:212,0
DA:213,0
DA:214,0
DA:216,0
DA:217,0
DA:218,0
DA:221,0
DA:224,0
DA:226,0
DA:227,0
DA:228,0
DA:231,0
DA:237,0
LF:101
LH:1
end_of_record
SF:lib\presentation\pages\movie_detail_page.dart
DA:12,1
DA:14,1
DA:15,1
DA:19,1
DA:21,1
DA:22,2
DA:23,6
DA:24,1
DA:25,1
DA:26,4
DA:27,1
DA:28,1
DA:29,4
DA:33,1
DA:36,2
DA:37,1
DA:38,1
DA:39,0
DA:40,0
DA:41,0
DA:42,0
DA:43,0
DA:47,0
DA:48,0
DA:51,1
DA:52,1
DA:53,1
DA:57,1
DA:58,1
DA:60,1
DA:61,2
DA:62,2
DA:64,1
DA:66,1
DA:67,1
DA:69,1
DA:70,1
DA:71,0
DA:75,0
DA:76,0
DA:77,0
DA:94,2
DA:96,1
DA:98,3
DA:99,1
DA:100,1
DA:101,1
DA:102,3
DA:104,1
DA:107,0
DA:109,1
DA:111,1
DA:112,1
DA:113,1
DA:123,1
DA:124,1
DA:125,1
DA:127,1
DA:129,1
DA:131,1
DA:132,1
DA:133,2
DA:134,1
DA:136,1
DA:137,1
DA:138,1
DA:139,1
DA:140,3
DA:142,0
DA:143,0
DA:146,1
DA:148,1
DA:149,1
DA:156,1
DA:157,3
DA:159,1
DA:160,3
DA:162,1
DA:163,1
DA:164,1
DA:165,3
DA:167,1
DA:173,4
DA:177,1
DA:179,1
DA:181,1
DA:182,2
DA:185,1
DA:187,1
DA:189,1
DA:191,1
DA:192,1
DA:197,1
DA:198,1
DA:200,1
DA:202,1
DA:203,2
DA:204,1
DA:206,1
DA:207,0
DA:208,0
DA:211,0
DA:214,1
DA:219,1
DA:221,2
DA:222,1
DA:228,0
DA:235,2
DA:239,0
DA:240,0
DA:242,0
DA:250,1
DA:252,1
DA:267,1
DA:269,1
DA:272,1
DA:274,0
DA:275,0
DA:284,1
DA:286,2
DA:287,3
DA:290,1
DA:294,3
DA:297,1
DA:298,1
DA:299,1
DA:301,1
DA:302,1
DA:304,0
LF:129
LH:105
end_of_record
SF:lib\presentation\pages\popular_movies_page.dart
DA:8,1
DA:10,1
DA:11,1
DA:15,1
DA:17,1
DA:18,2
DA:19,4
DA:23,1
DA:25,1
DA:26,1
DA:29,1
DA:31,1
DA:32,1
DA:33,1
DA:37,1
DA:38,1
DA:39,1
DA:40,2
DA:41,1
DA:43,2
DA:45,1
DA:46,1
DA:47,1
DA:48,1
LF:24
LH:24
end_of_record
SF:lib\presentation\pages\top_rated_movies_page.dart
DA:8,1
DA:10,1
DA:11,1
DA:15,1
DA:17,1
DA:18,2
DA:19,4
DA:23,1
DA:25,1
DA:26,1
DA:29,1
DA:31,1
DA:32,1
DA:33,1
DA:37,1
DA:38,1
DA:39,1
DA:40,2
DA:41,1
DA:43,2
DA:45,1
DA:46,1
DA:47,1
DA:48,1
LF:24
LH:24
end_of_record
SF:lib\presentation\pages\watchlist_movies_page.dart
DA:9,0
DA:11,0
DA:12,0
DA:17,0
DA:19,0
DA:20,0
DA:21,0
DA:25,0
DA:27,0
DA:28,0
DA:31,0
DA:33,0
DA:36,0
DA:38,0
DA:39,0
DA:42,0
DA:44,0
DA:45,0
DA:46,0
DA:50,0
DA:51,0
DA:52,0
DA:53,0
DA:54,0
DA:56,0
DA:58,0
DA:59,0
DA:60,0
DA:61,0
DA:77,0
DA:79,0
DA:80,0
LF:32
LH:0
end_of_record
SF:lib\widgets\movie_card_list.dart
DA:9,4
DA:11,2
DA:13,2
DA:15,2
DA:16,0
DA:17,0
DA:20,0
DA:23,2
DA:25,2
DA:26,2
DA:27,2
DA:33,2
DA:35,2
DA:36,2
DA:37,4
DA:40,2
DA:43,2
DA:44,4
DA:52,2
DA:57,2
DA:58,2
DA:59,6
DA:61,4
DA:62,2
DA:64,0
LF:25
LH:21
end_of_record
