SF:lib\domain\usecases\search_movies.dart
DA:8,1
DA:10,1
DA:11,2
LF:3
LH:3
end_of_record
SF:lib\domain\usecases\search_tv_series.dart
DA:8,1
DA:10,1
DA:11,2
LF:3
LH:3
end_of_record
SF:lib\presentation\bloc\movie_search_event.dart
DA:5,1
DA:7,0
DA:8,0
DA:15,1
DA:17,0
DA:18,0
LF:6
LH:2
end_of_record
SF:lib\presentation\bloc\movie_search_state.dart
DA:4,3
DA:6,1
DA:7,1
DA:17,2
DA:19,1
DA:20,2
DA:26,2
DA:28,1
DA:29,2
LF:9
LH:9
end_of_record
SF:lib\presentation\bloc\movie_search_bloc.dart
DA:13,3
DA:14,1
DA:15,1
DA:16,1
DA:18,2
DA:20,3
DA:22,1
DA:23,1
DA:24,1
DA:25,2
DA:28,1
DA:29,1
DA:30,0
DA:31,2
DA:35,1
DA:41,1
DA:42,3
LF:17
LH:16
end_of_record
SF:lib\presentation\bloc\tvseries_search_state.dart
DA:4,3
DA:6,1
DA:7,1
DA:17,2
DA:19,1
DA:20,2
DA:26,2
DA:28,1
DA:29,2
LF:9
LH:9
end_of_record
SF:lib\presentation\bloc\tvseries_search_event.dart
DA:5,1
DA:7,0
DA:8,0
DA:15,1
DA:17,0
DA:18,0
LF:6
LH:2
end_of_record
SF:lib\presentation\bloc\tvseries_search_bloc.dart
DA:13,3
DA:14,1
DA:15,1
DA:16,1
DA:17,2
DA:18,3
DA:20,1
DA:21,1
DA:22,3
DA:24,1
DA:25,1
DA:26,0
DA:27,2
DA:31,1
DA:37,1
DA:38,3
LF:16
LH:15
end_of_record
SF:lib\presentation\pages\search_page.dart
DA:10,1
DA:12,1
DA:14,1
DA:15,1
DA:18,1
DA:20,1
DA:22,1
DA:23,1
DA:24,0
DA:25,0
DA:35,1
DA:37,1
DA:39,1
DA:40,1
DA:41,1
DA:45,1
DA:46,1
DA:47,1
DA:48,1
DA:50,0
DA:51,0
DA:52,0
DA:54,1
DA:57,0
DA:58,0
DA:59,0
DA:60,0
DA:64,0
DA:65,0
LF:29
LH:18
end_of_record
SF:lib\presentation\pages\tv_series_search_page.dart
DA:10,1
DA:12,1
DA:14,1
DA:15,1
DA:18,1
DA:20,1
DA:22,1
DA:23,1
DA:24,0
DA:25,0
DA:35,1
DA:37,1
DA:39,1
DA:40,1
DA:41,1
DA:45,1
DA:46,1
DA:47,1
DA:48,1
DA:50,0
DA:51,0
DA:52,0
DA:54,1
DA:57,0
DA:58,0
DA:59,0
DA:60,0
DA:61,0
DA:69,0
DA:70,0
LF:30
LH:18
end_of_record
